[2020-04-11 11:29:29] local.ERROR: Unable to connect to the API: cURL error 7:  (see https://curl.haxx.se/libcurl/c/libcurl-errors.html) {"exception":"[object] (Kreait\\Firebase\\Exception\\Database\\ApiConnectionFailed(code: 0): Unable to connect to the API: cURL error 7:  (see https://curl.haxx.se/libcurl/c/libcurl-errors.html) at /Users/muhannadnasser/Desktop/gggggg/untitled folder/FirebaseApp/vendor/kreait/firebase-php/src/Firebase/Exception/DatabaseApiExceptionConverter.php:49)
[stacktrace]
#0 /Users/muhannadnasser/Desktop/gggggg/untitled folder/FirebaseApp/vendor/kreait/firebase-php/src/Firebase/Exception/DatabaseApiExceptionConverter.php(37): Kreait\\Firebase\\Exception\\DatabaseApiExceptionConverter->convertGuzzleRequestException(Object(GuzzleHttp\\Exception\\ConnectException))
#1 /Users/muhannadnasser/Desktop/gggggg/untitled folder/FirebaseApp/vendor/kreait/firebase-php/src/Firebase/Database/ApiClient.php(190): Kreait\\Firebase\\Exception\\DatabaseApiExceptionConverter->convertException(Object(GuzzleHttp\\Exception\\ConnectException))
#2 /Users/muhannadnasser/Desktop/gggggg/untitled folder/FirebaseApp/vendor/kreait/firebase-php/src/Firebase/Database/ApiClient.php(45): Kreait\\Firebase\\Database\\ApiClient->requestApi('GET', Object(GuzzleHttp\\Psr7\\Uri))
#3 /Users/muhannadnasser/Desktop/gggggg/untitled folder/FirebaseApp/vendor/kreait/firebase-php/src/Firebase/Database/Reference.php(290): Kreait\\Firebase\\Database\\ApiClient->get(Object(GuzzleHttp\\Psr7\\Uri))
#4 /Users/muhannadnasser/Desktop/gggggg/untitled folder/FirebaseApp/vendor/kreait/firebase-php/src/Firebase/Database/Reference.php(255): Kreait\\Firebase\\Database\\Reference->getSnapshot()
#5 /Users/muhannadnasser/Desktop/gggggg/untitled folder/FirebaseApp/app/Http/Controllers/TutorController.php(43): Kreait\\Firebase\\Database\\Reference->getValue()
#6 /Users/muhannadnasser/Desktop/gggggg/untitled folder/FirebaseApp/app/Http/Controllers/TutorController.php(23): App\\Http\\Controllers\\TutorController->getAll()
#7 [internal function]: App\\Http\\Controllers\\TutorController->index()
#8 /Users/muhannadnasser/Desktop/gggggg/untitled folder/FirebaseApp/vendor/laravel/framework/src/Illuminate/Routing/Controller.php(54): call_user_func_array(Array, Array)
#9 /Users/muhannadnasser/Desktop/gggggg/untitled folder/FirebaseApp/vendor/laravel/framework/src/Illuminate/Routing/ControllerDispatcher.php(45): Illuminate\\Routing\\Controller->callAction('index', Array)
#10 /Users/muhannadnasser/Desktop/gggggg/untitled folder/FirebaseApp/vendor/laravel/framework/src/Illuminate/Routing/Route.php(219): Illuminate\\Routing\\ControllerDispatcher->dispatch(Object(Illuminate\\Routing\\Route), Object(App\\Http\\Controllers\\TutorController), 'index')
#11 /Users/muhannadnasser/Desktop/gggggg/untitled folder/FirebaseApp/vendor/laravel/framework/src/Illuminate/Routing/Route.php(176): Illuminate\\Routing\\Route->runController()
#12 /Users/muhannadnasser/Desktop/gggggg/untitled folder/FirebaseApp/vendor/laravel/framework/src/Illuminate/Routing/Router.php(681): Illuminate\\Routing\\Route->run()
#13 /Users/muhannadnasser/Desktop/gggggg/untitled folder/FirebaseApp/vendor/laravel/framework/src/Illuminate/Pipeline/Pipeline.php(130): Illuminate\\Routing\\Router->Illuminate\\Routing\\{closure}(Object(Illuminate\\Http\\Request))
#14 /Users/muhannadnasser/Desktop/gggggg/untitled folder/FirebaseApp/vendor/laravel/framework/src/Illuminate/Routing/Middleware/SubstituteBindings.php(41): Illuminate\\Pipeline\\Pipeline->Illuminate\\Pipeline\\{closure}(Object(Illuminate\\Http\\Request))
#15 /Users/muhannadnasser/Desktop/gggggg/untitled folder/FirebaseApp/vendor/laravel/framework/src/Illuminate/Pipeline/Pipeline.php(171): Illuminate\\Routing\\Middleware\\SubstituteBindings->handle(Object(Illuminate\\Http\\Request), Object(Closure))
#16 /Users/muhannadnasser/Desktop/gggggg/untitled folder/FirebaseApp/vendor/laravel/framework/src/Illuminate/Foundation/Http/Middleware/VerifyCsrfToken.php(76): Illuminate\\Pipeline\\Pipeline->Illuminate\\Pipeline\\{closure}(Object(Illuminate\\Http\\Request))
#17 /Users/muhannadnasser/Desktop/gggggg/untitled folder/FirebaseApp/vendor/laravel/framework/src/Illuminate/Pipeline/Pipeline.php(171): Illuminate\\Foundation\\Http\\Middleware\\VerifyCsrfToken->handle(Object(Illuminate\\Http\\Request), Object(Closure))
#18 /Users/muhannadnasser/Desktop/gggggg/untitled folder/FirebaseApp/vendor/laravel/framework/src/Illuminate/View/Middleware/ShareErrorsFromSession.php(49): Illuminate\\Pipeline\\Pipeline->Illuminate\\Pipeline\\{closure}(Object(Illuminate\\Http\\Request))
#19 /Users/muhannadnasser/Desktop/gggggg/untitled folder/FirebaseApp/vendor/laravel/framework/src/Illuminate/Pipeline/Pipeline.php(171): Illuminate\\View\\Middleware\\ShareErrorsFromSession->handle(Object(Illuminate\\Http\\Request), Object(Closure))
#20 /Users/muhannadnasser/Desktop/gggggg/untitled folder/FirebaseApp/vendor/laravel/framework/src/Illuminate/Session/Middleware/StartSession.php(56): Illuminate\\Pipeline\\Pipeline->Illuminate\\Pipeline\\{closure}(Object(Illuminate\\Http\\Request))
#21 /Users/muhannadnasser/Desktop/gggggg/untitled folder/FirebaseApp/vendor/laravel/framework/src/Illuminate/Pipeline/Pipeline.php(171): Illuminate\\Session\\Middleware\\StartSession->handle(Object(Illuminate\\Http\\Request), Object(Closure))
#22 /Users/muhannadnasser/Desktop/gggggg/untitled folder/FirebaseApp/vendor/laravel/framework/src/Illuminate/Cookie/Middleware/AddQueuedCookiesToResponse.php(37): Illuminate\\Pipeline\\Pipeline->Illuminate\\Pipeline\\{closure}(Object(Illuminate\\Http\\Request))
#23 /Users/muhannadnasser/Desktop/gggggg/untitled folder/FirebaseApp/vendor/laravel/framework/src/Illuminate/Pipeline/Pipeline.php(171): Illuminate\\Cookie\\Middleware\\AddQueuedCookiesToResponse->handle(Object(Illuminate\\Http\\Request), Object(Closure))
#24 /Users/muhannadnasser/Desktop/gggggg/untitled folder/FirebaseApp/vendor/laravel/framework/src/Illuminate/Cookie/Middleware/EncryptCookies.php(66): Illuminate\\Pipeline\\Pipeline->Illuminate\\Pipeline\\{closure}(Object(Illuminate\\Http\\Request))
#25 /Users/muhannadnasser/Desktop/gggggg/untitled folder/FirebaseApp/vendor/laravel/framework/src/Illuminate/Pipeline/Pipeline.php(171): Illuminate\\Cookie\\Middleware\\EncryptCookies->handle(Object(Illuminate\\Http\\Request), Object(Closure))
#26 /Users/muhannadnasser/Desktop/gggggg/untitled folder/FirebaseApp/vendor/laravel/framework/src/Illuminate/Pipeline/Pipeline.php(105): Illuminate\\Pipeline\\Pipeline->Illuminate\\Pipeline\\{closure}(Object(Illuminate\\Http\\Request))
#27 /Users/muhannadnasser/Desktop/gggggg/untitled folder/FirebaseApp/vendor/laravel/framework/src/Illuminate/Routing/Router.php(683): Illuminate\\Pipeline\\Pipeline->then(Object(Closure))
#28 /Users/muhannadnasser/Desktop/gggggg/untitled folder/FirebaseApp/vendor/laravel/framework/src/Illuminate/Routing/Router.php(658): Illuminate\\Routing\\Router->runRouteWithinStack(Object(Illuminate\\Routing\\Route), Object(Illuminate\\Http\\Request))
#29 /Users/muhannadnasser/Desktop/gggggg/untitled folder/FirebaseApp/vendor/laravel/framework/src/Illuminate/Routing/Router.php(624): Illuminate\\Routing\\Router->runRoute(Object(Illuminate\\Http\\Request), Object(Illuminate\\Routing\\Route))
#30 /Users/muhannadnasser/Desktop/gggggg/untitled folder/FirebaseApp/vendor/laravel/framework/src/Illuminate/Routing/Router.php(613): Illuminate\\Routing\\Router->dispatchToRoute(Object(Illuminate\\Http\\Request))
#31 /Users/muhannadnasser/Desktop/gggggg/untitled folder/FirebaseApp/vendor/laravel/framework/src/Illuminate/Foundation/Http/Kernel.php(170): Illuminate\\Routing\\Router->dispatch(Object(Illuminate\\Http\\Request))
#32 /Users/muhannadnasser/Desktop/gggggg/untitled folder/FirebaseApp/vendor/laravel/framework/src/Illuminate/Pipeline/Pipeline.php(130): Illuminate\\Foundation\\Http\\Kernel->Illuminate\\Foundation\\Http\\{closure}(Object(Illuminate\\Http\\Request))
#33 /Users/muhannadnasser/Desktop/gggggg/untitled folder/FirebaseApp/vendor/laravel/framework/src/Illuminate/Foundation/Http/Middleware/TransformsRequest.php(21): Illuminate\\Pipeline\\Pipeline->Illuminate\\Pipeline\\{closure}(Object(Illuminate\\Http\\Request))
#34 /Users/muhannadnasser/Desktop/gggggg/untitled folder/FirebaseApp/vendor/laravel/framework/src/Illuminate/Pipeline/Pipeline.php(171): Illuminate\\Foundation\\Http\\Middleware\\TransformsRequest->handle(Object(Illuminate\\Http\\Request), Object(Closure))
#35 /Users/muhannadnasser/Desktop/gggggg/untitled folder/FirebaseApp/vendor/laravel/framework/src/Illuminate/Foundation/Http/Middleware/TransformsRequest.php(21): Illuminate\\Pipeline\\Pipeline->Illuminate\\Pipeline\\{closure}(Object(Illuminate\\Http\\Request))
#36 /Users/muhannadnasser/Desktop/gggggg/untitled folder/FirebaseApp/vendor/laravel/framework/src/Illuminate/Pipeline/Pipeline.php(171): Illuminate\\Foundation\\Http\\Middleware\\TransformsRequest->handle(Object(Illuminate\\Http\\Request), Object(Closure))
#37 /Users/muhannadnasser/Desktop/gggggg/untitled folder/FirebaseApp/vendor/laravel/framework/src/Illuminate/Foundation/Http/Middleware/ValidatePostSize.php(27): Illuminate\\Pipeline\\Pipeline->Illuminate\\Pipeline\\{closure}(Object(Illuminate\\Http\\Request))
#38 /Users/muhannadnasser/Desktop/gggggg/untitled folder/FirebaseApp/vendor/laravel/framework/src/Illuminate/Pipeline/Pipeline.php(171): Illuminate\\Foundation\\Http\\Middleware\\ValidatePostSize->handle(Object(Illuminate\\Http\\Request), Object(Closure))
#39 /Users/muhannadnasser/Desktop/gggggg/untitled folder/FirebaseApp/vendor/laravel/framework/src/Illuminate/Foundation/Http/Middleware/CheckForMaintenanceMode.php(63): Illuminate\\Pipeline\\Pipeline->Illuminate\\Pipeline\\{closure}(Object(Illuminate\\Http\\Request))
#40 /Users/muhannadnasser/Desktop/gggggg/untitled folder/FirebaseApp/vendor/laravel/framework/src/Illuminate/Pipeline/Pipeline.php(171): Illuminate\\Foundation\\Http\\Middleware\\CheckForMaintenanceMode->handle(Object(Illuminate\\Http\\Request), Object(Closure))
#41 /Users/muhannadnasser/Desktop/gggggg/untitled folder/FirebaseApp/vendor/fideloper/proxy/src/TrustProxies.php(57): Illuminate\\Pipeline\\Pipeline->Illuminate\\Pipeline\\{closure}(Object(Illuminate\\Http\\Request))
#42 /Users/muhannadnasser/Desktop/gggggg/untitled folder/FirebaseApp/vendor/laravel/framework/src/Illuminate/Pipeline/Pipeline.php(171): Fideloper\\Proxy\\TrustProxies->handle(Object(Illuminate\\Http\\Request), Object(Closure))
#43 /Users/muhannadnasser/Desktop/gggggg/untitled folder/FirebaseApp/vendor/laravel/framework/src/Illuminate/Pipeline/Pipeline.php(105): Illuminate\\Pipeline\\Pipeline->Illuminate\\Pipeline\\{closure}(Object(Illuminate\\Http\\Request))
#44 /Users/muhannadnasser/Desktop/gggggg/untitled folder/FirebaseApp/vendor/laravel/framework/src/Illuminate/Foundation/Http/Kernel.php(145): Illuminate\\Pipeline\\Pipeline->then(Object(Closure))
#45 /Users/muhannadnasser/Desktop/gggggg/untitled folder/FirebaseApp/vendor/laravel/framework/src/Illuminate/Foundation/Http/Kernel.php(110): Illuminate\\Foundation\\Http\\Kernel->sendRequestThroughRouter(Object(Illuminate\\Http\\Request))
#46 /Users/muhannadnasser/Desktop/gggggg/untitled folder/FirebaseApp/public/index.php(55): Illuminate\\Foundation\\Http\\Kernel->handle(Object(Illuminate\\Http\\Request))
#47 /Users/muhannadnasser/Desktop/gggggg/untitled folder/FirebaseApp/server.php(21): require_once('/Users/muhannad...')
#48 {main}

[previous exception] [object] (GuzzleHttp\\Exception\\ConnectException(code: 0): cURL error 7:  (see https://curl.haxx.se/libcurl/c/libcurl-errors.html) at /Users/muhannadnasser/Desktop/gggggg/untitled folder/FirebaseApp/vendor/guzzlehttp/guzzle/src/Handler/CurlFactory.php:200)
[stacktrace]
#0 /Users/muhannadnasser/Desktop/gggggg/untitled folder/FirebaseApp/vendor/guzzlehttp/guzzle/src/Handler/CurlFactory.php(155): GuzzleHttp\\Handler\\CurlFactory::createRejection(Object(GuzzleHttp\\Handler\\EasyHandle), Array)
#1 /Users/muhannadnasser/Desktop/gggggg/untitled folder/FirebaseApp/vendor/guzzlehttp/guzzle/src/Handler/CurlFactory.php(105): GuzzleHttp\\Handler\\CurlFactory::finishError(Object(GuzzleHttp\\Handler\\CurlHandler), Object(GuzzleHttp\\Handler\\EasyHandle), Object(GuzzleHttp\\Handler\\CurlFactory))
#2 /Users/muhannadnasser/Desktop/gggggg/untitled folder/FirebaseApp/vendor/guzzlehttp/guzzle/src/Handler/CurlHandler.php(43): GuzzleHttp\\Handler\\CurlFactory::finish(Object(GuzzleHttp\\Handler\\CurlHandler), Object(GuzzleHttp\\Handler\\EasyHandle), Object(GuzzleHttp\\Handler\\CurlFactory))
#3 /Users/muhannadnasser/Desktop/gggggg/untitled folder/FirebaseApp/vendor/guzzlehttp/guzzle/src/Handler/Proxy.php(28): GuzzleHttp\\Handler\\CurlHandler->__invoke(Object(GuzzleHttp\\Psr7\\Request), Array)
#4 /Users/muhannadnasser/Desktop/gggggg/untitled folder/FirebaseApp/vendor/guzzlehttp/guzzle/src/Handler/Proxy.php(51): GuzzleHttp\\Handler\\Proxy::GuzzleHttp\\Handler\\{closure}(Object(GuzzleHttp\\Psr7\\Request), Array)
#5 /Users/muhannadnasser/Desktop/gggggg/untitled folder/FirebaseApp/vendor/guzzlehttp/guzzle/src/PrepareBodyMiddleware.php(66): GuzzleHttp\\Handler\\Proxy::GuzzleHttp\\Handler\\{closure}(Object(GuzzleHttp\\Psr7\\Request), Array)
#6 /Users/muhannadnasser/Desktop/gggggg/untitled folder/FirebaseApp/vendor/guzzlehttp/guzzle/src/Middleware.php(29): GuzzleHttp\\PrepareBodyMiddleware->__invoke(Object(GuzzleHttp\\Psr7\\Request), Array)
#7 /Users/muhannadnasser/Desktop/gggggg/untitled folder/FirebaseApp/vendor/guzzlehttp/guzzle/src/RedirectMiddleware.php(70): GuzzleHttp\\Middleware::GuzzleHttp\\{closure}(Object(GuzzleHttp\\Psr7\\Request), Array)
#8 /Users/muhannadnasser/Desktop/gggggg/untitled folder/FirebaseApp/vendor/guzzlehttp/guzzle/src/Middleware.php(59): GuzzleHttp\\RedirectMiddleware->__invoke(Object(GuzzleHttp\\Psr7\\Request), Array)
#9 /Users/muhannadnasser/Desktop/gggggg/untitled folder/FirebaseApp/vendor/guzzlehttp/guzzle/src/HandlerStack.php(71): GuzzleHttp\\Middleware::GuzzleHttp\\{closure}(Object(GuzzleHttp\\Psr7\\Request), Array)
#10 /Users/muhannadnasser/Desktop/gggggg/untitled folder/FirebaseApp/vendor/guzzlehttp/guzzle/src/Client.php(361): GuzzleHttp\\HandlerStack->__invoke(Object(GuzzleHttp\\Psr7\\Request), Array)
#11 /Users/muhannadnasser/Desktop/gggggg/untitled folder/FirebaseApp/vendor/guzzlehttp/guzzle/src/Client.php(113): GuzzleHttp\\Client->transfer(Object(GuzzleHttp\\Psr7\\Request), Array)
#12 /Users/muhannadnasser/Desktop/gggggg/untitled folder/FirebaseApp/vendor/guzzlehttp/guzzle/src/Client.php(130): GuzzleHttp\\Client->sendAsync(Object(GuzzleHttp\\Psr7\\Request), Array)
#13 /Users/muhannadnasser/Desktop/gggggg/untitled folder/FirebaseApp/vendor/google/auth/src/HttpHandler/Guzzle6HttpHandler.php(34): GuzzleHttp\\Client->send(Object(GuzzleHttp\\Psr7\\Request), Array)
#14 /Users/muhannadnasser/Desktop/gggggg/untitled folder/FirebaseApp/vendor/google/auth/src/OAuth2.php(502): Google\\Auth\\HttpHandler\\Guzzle6HttpHandler->__invoke(Object(GuzzleHttp\\Psr7\\Request))
#15 /Users/muhannadnasser/Desktop/gggggg/untitled folder/FirebaseApp/vendor/google/auth/src/Credentials/ServiceAccountCredentials.php(135): Google\\Auth\\OAuth2->fetchAuthToken(Object(Google\\Auth\\HttpHandler\\Guzzle6HttpHandler))
#16 /Users/muhannadnasser/Desktop/gggggg/untitled folder/FirebaseApp/vendor/google/auth/src/Middleware/AuthTokenMiddleware.php(115): Google\\Auth\\Credentials\\ServiceAccountCredentials->fetchAuthToken(NULL)
#17 /Users/muhannadnasser/Desktop/gggggg/untitled folder/FirebaseApp/vendor/google/auth/src/Middleware/AuthTokenMiddleware.php(102): Google\\Auth\\Middleware\\AuthTokenMiddleware->fetchToken()
#18 /Users/muhannadnasser/Desktop/gggggg/untitled folder/FirebaseApp/vendor/guzzlehttp/guzzle/src/PrepareBodyMiddleware.php(37): Google\\Auth\\Middleware\\AuthTokenMiddleware->Google\\Auth\\Middleware\\{closure}(Object(GuzzleHttp\\Psr7\\Request), Array)
#19 /Users/muhannadnasser/Desktop/gggggg/untitled folder/FirebaseApp/vendor/guzzlehttp/guzzle/src/Middleware.php(29): GuzzleHttp\\PrepareBodyMiddleware->__invoke(Object(GuzzleHttp\\Psr7\\Request), Array)
#20 /Users/muhannadnasser/Desktop/gggggg/untitled folder/FirebaseApp/vendor/guzzlehttp/guzzle/src/RedirectMiddleware.php(70): GuzzleHttp\\Middleware::GuzzleHttp\\{closure}(Object(GuzzleHttp\\Psr7\\Request), Array)
#21 /Users/muhannadnasser/Desktop/gggggg/untitled folder/FirebaseApp/vendor/guzzlehttp/guzzle/src/Middleware.php(59): GuzzleHttp\\RedirectMiddleware->__invoke(Object(GuzzleHttp\\Psr7\\Request), Array)
#22 /Users/muhannadnasser/Desktop/gggggg/untitled folder/FirebaseApp/vendor/guzzlehttp/guzzle/src/HandlerStack.php(71): GuzzleHttp\\Middleware::GuzzleHttp\\{closure}(Object(GuzzleHttp\\Psr7\\Request), Array)
#23 /Users/muhannadnasser/Desktop/gggggg/untitled folder/FirebaseApp/vendor/guzzlehttp/guzzle/src/Client.php(361): GuzzleHttp\\HandlerStack->__invoke(Object(GuzzleHttp\\Psr7\\Request), Array)
#24 /Users/muhannadnasser/Desktop/gggggg/untitled folder/FirebaseApp/vendor/guzzlehttp/guzzle/src/Client.php(113): GuzzleHttp\\Client->transfer(Object(GuzzleHttp\\Psr7\\Request), Array)
#25 /Users/muhannadnasser/Desktop/gggggg/untitled folder/FirebaseApp/vendor/guzzlehttp/guzzle/src/Client.php(130): GuzzleHttp\\Client->sendAsync(Object(GuzzleHttp\\Psr7\\Request), Array)
#26 /Users/muhannadnasser/Desktop/gggggg/untitled folder/FirebaseApp/vendor/kreait/firebase-php/src/Firebase/Http/WrappedGuzzleClient.php(26): GuzzleHttp\\Client->send(Object(GuzzleHttp\\Psr7\\Request), Array)
#27 /Users/muhannadnasser/Desktop/gggggg/untitled folder/FirebaseApp/vendor/kreait/firebase-php/src/Firebase/Database/ApiClient.php(188): Kreait\\Firebase\\Database\\ApiClient->send(Object(GuzzleHttp\\Psr7\\Request), Array)
#28 /Users/muhannadnasser/Desktop/gggggg/untitled folder/FirebaseApp/vendor/kreait/firebase-php/src/Firebase/Database/ApiClient.php(45): Kreait\\Firebase\\Database\\ApiClient->requestApi('GET', Object(GuzzleHttp\\Psr7\\Uri))
#29 /Users/muhannadnasser/Desktop/gggggg/untitled folder/FirebaseApp/vendor/kreait/firebase-php/src/Firebase/Database/Reference.php(290): Kreait\\Firebase\\Database\\ApiClient->get(Object(GuzzleHttp\\Psr7\\Uri))
#30 /Users/muhannadnasser/Desktop/gggggg/untitled folder/FirebaseApp/vendor/kreait/firebase-php/src/Firebase/Database/Reference.php(255): Kreait\\Firebase\\Database\\Reference->getSnapshot()
#31 /Users/muhannadnasser/Desktop/gggggg/untitled folder/FirebaseApp/app/Http/Controllers/TutorController.php(43): Kreait\\Firebase\\Database\\Reference->getValue()
#32 /Users/muhannadnasser/Desktop/gggggg/untitled folder/FirebaseApp/app/Http/Controllers/TutorController.php(23): App\\Http\\Controllers\\TutorController->getAll()
#33 [internal function]: App\\Http\\Controllers\\TutorController->index()
#34 /Users/muhannadnasser/Desktop/gggggg/untitled folder/FirebaseApp/vendor/laravel/framework/src/Illuminate/Routing/Controller.php(54): call_user_func_array(Array, Array)
#35 /Users/muhannadnasser/Desktop/gggggg/untitled folder/FirebaseApp/vendor/laravel/framework/src/Illuminate/Routing/ControllerDispatcher.php(45): Illuminate\\Routing\\Controller->callAction('index', Array)
#36 /Users/muhannadnasser/Desktop/gggggg/untitled folder/FirebaseApp/vendor/laravel/framework/src/Illuminate/Routing/Route.php(219): Illuminate\\Routing\\ControllerDispatcher->dispatch(Object(Illuminate\\Routing\\Route), Object(App\\Http\\Controllers\\TutorController), 'index')
#37 /Users/muhannadnasser/Desktop/gggggg/untitled folder/FirebaseApp/vendor/laravel/framework/src/Illuminate/Routing/Route.php(176): Illuminate\\Routing\\Route->runController()
#38 /Users/muhannadnasser/Desktop/gggggg/untitled folder/FirebaseApp/vendor/laravel/framework/src/Illuminate/Routing/Router.php(681): Illuminate\\Routing\\Route->run()
#39 /Users/muhannadnasser/Desktop/gggggg/untitled folder/FirebaseApp/vendor/laravel/framework/src/Illuminate/Pipeline/Pipeline.php(130): Illuminate\\Routing\\Router->Illuminate\\Routing\\{closure}(Object(Illuminate\\Http\\Request))
#40 /Users/muhannadnasser/Desktop/gggggg/untitled folder/FirebaseApp/vendor/laravel/framework/src/Illuminate/Routing/Middleware/SubstituteBindings.php(41): Illuminate\\Pipeline\\Pipeline->Illuminate\\Pipeline\\{closure}(Object(Illuminate\\Http\\Request))
#41 /Users/muhannadnasser/Desktop/gggggg/untitled folder/FirebaseApp/vendor/laravel/framework/src/Illuminate/Pipeline/Pipeline.php(171): Illuminate\\Routing\\Middleware\\SubstituteBindings->handle(Object(Illuminate\\Http\\Request), Object(Closure))
#42 /Users/muhannadnasser/Desktop/gggggg/untitled folder/FirebaseApp/vendor/laravel/framework/src/Illuminate/Foundation/Http/Middleware/VerifyCsrfToken.php(76): Illuminate\\Pipeline\\Pipeline->Illuminate\\Pipeline\\{closure}(Object(Illuminate\\Http\\Request))
#43 /Users/muhannadnasser/Desktop/gggggg/untitled folder/FirebaseApp/vendor/laravel/framework/src/Illuminate/Pipeline/Pipeline.php(171): Illuminate\\Foundation\\Http\\Middleware\\VerifyCsrfToken->handle(Object(Illuminate\\Http\\Request), Object(Closure))
#44 /Users/muhannadnasser/Desktop/gggggg/untitled folder/FirebaseApp/vendor/laravel/framework/src/Illuminate/View/Middleware/ShareErrorsFromSession.php(49): Illuminate\\Pipeline\\Pipeline->Illuminate\\Pipeline\\{closure}(Object(Illuminate\\Http\\Request))
#45 /Users/muhannadnasser/Desktop/gggggg/untitled folder/FirebaseApp/vendor/laravel/framework/src/Illuminate/Pipeline/Pipeline.php(171): Illuminate\\View\\Middleware\\ShareErrorsFromSession->handle(Object(Illuminate\\Http\\Request), Object(Closure))
#46 /Users/muhannadnasser/Desktop/gggggg/untitled folder/FirebaseApp/vendor/laravel/framework/src/Illuminate/Session/Middleware/StartSession.php(56): Illuminate\\Pipeline\\Pipeline->Illuminate\\Pipeline\\{closure}(Object(Illuminate\\Http\\Request))
#47 /Users/muhannadnasser/Desktop/gggggg/untitled folder/FirebaseApp/vendor/laravel/framework/src/Illuminate/Pipeline/Pipeline.php(171): Illuminate\\Session\\Middleware\\StartSession->handle(Object(Illuminate\\Http\\Request), Object(Closure))
#48 /Users/muhannadnasser/Desktop/gggggg/untitled folder/FirebaseApp/vendor/laravel/framework/src/Illuminate/Cookie/Middleware/AddQueuedCookiesToResponse.php(37): Illuminate\\Pipeline\\Pipeline->Illuminate\\Pipeline\\{closure}(Object(Illuminate\\Http\\Request))
#49 /Users/muhannadnasser/Desktop/gggggg/untitled folder/FirebaseApp/vendor/laravel/framework/src/Illuminate/Pipeline/Pipeline.php(171): Illuminate\\Cookie\\Middleware\\AddQueuedCookiesToResponse->handle(Object(Illuminate\\Http\\Request), Object(Closure))
#50 /Users/muhannadnasser/Desktop/gggggg/untitled folder/FirebaseApp/vendor/laravel/framework/src/Illuminate/Cookie/Middleware/EncryptCookies.php(66): Illuminate\\Pipeline\\Pipeline->Illuminate\\Pipeline\\{closure}(Object(Illuminate\\Http\\Request))
#51 /Users/muhannadnasser/Desktop/gggggg/untitled folder/FirebaseApp/vendor/laravel/framework/src/Illuminate/Pipeline/Pipeline.php(171): Illuminate\\Cookie\\Middleware\\EncryptCookies->handle(Object(Illuminate\\Http\\Request), Object(Closure))
#52 /Users/muhannadnasser/Desktop/gggggg/untitled folder/FirebaseApp/vendor/laravel/framework/src/Illuminate/Pipeline/Pipeline.php(105): Illuminate\\Pipeline\\Pipeline->Illuminate\\Pipeline\\{closure}(Object(Illuminate\\Http\\Request))
#53 /Users/muhannadnasser/Desktop/gggggg/untitled folder/FirebaseApp/vendor/laravel/framework/src/Illuminate/Routing/Router.php(683): Illuminate\\Pipeline\\Pipeline->then(Object(Closure))
#54 /Users/muhannadnasser/Desktop/gggggg/untitled folder/FirebaseApp/vendor/laravel/framework/src/Illuminate/Routing/Router.php(658): Illuminate\\Routing\\Router->runRouteWithinStack(Object(Illuminate\\Routing\\Route), Object(Illuminate\\Http\\Request))
#55 /Users/muhannadnasser/Desktop/gggggg/untitled folder/FirebaseApp/vendor/laravel/framework/src/Illuminate/Routing/Router.php(624): Illuminate\\Routing\\Router->runRoute(Object(Illuminate\\Http\\Request), Object(Illuminate\\Routing\\Route))
#56 /Users/muhannadnasser/Desktop/gggggg/untitled folder/FirebaseApp/vendor/laravel/framework/src/Illuminate/Routing/Router.php(613): Illuminate\\Routing\\Router->dispatchToRoute(Object(Illuminate\\Http\\Request))
#57 /Users/muhannadnasser/Desktop/gggggg/untitled folder/FirebaseApp/vendor/laravel/framework/src/Illuminate/Foundation/Http/Kernel.php(170): Illuminate\\Routing\\Router->dispatch(Object(Illuminate\\Http\\Request))
#58 /Users/muhannadnasser/Desktop/gggggg/untitled folder/FirebaseApp/vendor/laravel/framework/src/Illuminate/Pipeline/Pipeline.php(130): Illuminate\\Foundation\\Http\\Kernel->Illuminate\\Foundation\\Http\\{closure}(Object(Illuminate\\Http\\Request))
#59 /Users/muhannadnasser/Desktop/gggggg/untitled folder/FirebaseApp/vendor/laravel/framework/src/Illuminate/Foundation/Http/Middleware/TransformsRequest.php(21): Illuminate\\Pipeline\\Pipeline->Illuminate\\Pipeline\\{closure}(Object(Illuminate\\Http\\Request))
#60 /Users/muhannadnasser/Desktop/gggggg/untitled folder/FirebaseApp/vendor/laravel/framework/src/Illuminate/Pipeline/Pipeline.php(171): Illuminate\\Foundation\\Http\\Middleware\\TransformsRequest->handle(Object(Illuminate\\Http\\Request), Object(Closure))
#61 /Users/muhannadnasser/Desktop/gggggg/untitled folder/FirebaseApp/vendor/laravel/framework/src/Illuminate/Foundation/Http/Middleware/TransformsRequest.php(21): Illuminate\\Pipeline\\Pipeline->Illuminate\\Pipeline\\{closure}(Object(Illuminate\\Http\\Request))
#62 /Users/muhannadnasser/Desktop/gggggg/untitled folder/FirebaseApp/vendor/laravel/framework/src/Illuminate/Pipeline/Pipeline.php(171): Illuminate\\Foundation\\Http\\Middleware\\TransformsRequest->handle(Object(Illuminate\\Http\\Request), Object(Closure))
#63 /Users/muhannadnasser/Desktop/gggggg/untitled folder/FirebaseApp/vendor/laravel/framework/src/Illuminate/Foundation/Http/Middleware/ValidatePostSize.php(27): Illuminate\\Pipeline\\Pipeline->Illuminate\\Pipeline\\{closure}(Object(Illuminate\\Http\\Request))
#64 /Users/muhannadnasser/Desktop/gggggg/untitled folder/FirebaseApp/vendor/laravel/framework/src/Illuminate/Pipeline/Pipeline.php(171): Illuminate\\Foundation\\Http\\Middleware\\ValidatePostSize->handle(Object(Illuminate\\Http\\Request), Object(Closure))
#65 /Users/muhannadnasser/Desktop/gggggg/untitled folder/FirebaseApp/vendor/laravel/framework/src/Illuminate/Foundation/Http/Middleware/CheckForMaintenanceMode.php(63): Illuminate\\Pipeline\\Pipeline->Illuminate\\Pipeline\\{closure}(Object(Illuminate\\Http\\Request))
#66 /Users/muhannadnasser/Desktop/gggggg/untitled folder/FirebaseApp/vendor/laravel/framework/src/Illuminate/Pipeline/Pipeline.php(171): Illuminate\\Foundation\\Http\\Middleware\\CheckForMaintenanceMode->handle(Object(Illuminate\\Http\\Request), Object(Closure))
#67 /Users/muhannadnasser/Desktop/gggggg/untitled folder/FirebaseApp/vendor/fideloper/proxy/src/TrustProxies.php(57): Illuminate\\Pipeline\\Pipeline->Illuminate\\Pipeline\\{closure}(Object(Illuminate\\Http\\Request))
#68 /Users/muhannadnasser/Desktop/gggggg/untitled folder/FirebaseApp/vendor/laravel/framework/src/Illuminate/Pipeline/Pipeline.php(171): Fideloper\\Proxy\\TrustProxies->handle(Object(Illuminate\\Http\\Request), Object(Closure))
#69 /Users/muhannadnasser/Desktop/gggggg/untitled folder/FirebaseApp/vendor/laravel/framework/src/Illuminate/Pipeline/Pipeline.php(105): Illuminate\\Pipeline\\Pipeline->Illuminate\\Pipeline\\{closure}(Object(Illuminate\\Http\\Request))
#70 /Users/muhannadnasser/Desktop/gggggg/untitled folder/FirebaseApp/vendor/laravel/framework/src/Illuminate/Foundation/Http/Kernel.php(145): Illuminate\\Pipeline\\Pipeline->then(Object(Closure))
#71 /Users/muhannadnasser/Desktop/gggggg/untitled folder/FirebaseApp/vendor/laravel/framework/src/Illuminate/Foundation/Http/Kernel.php(110): Illuminate\\Foundation\\Http\\Kernel->sendRequestThroughRouter(Object(Illuminate\\Http\\Request))
#72 /Users/muhannadnasser/Desktop/gggggg/untitled folder/FirebaseApp/public/index.php(55): Illuminate\\Foundation\\Http\\Kernel->handle(Object(Illuminate\\Http\\Request))
#73 /Users/muhannadnasser/Desktop/gggggg/untitled folder/FirebaseApp/server.php(21): require_once('/Users/muhannad...')
#74 {main}
"} 
